{"level":"error","message":"Mensaje de error"}
{"level":"warn","message":"Mensaje de warn"}
{"level":"info","message":"Mensaje de info"}
{"level":"error","message":"Error de autenticación: Contraseña incorrecta"}
{"level":"error","message":"Error de autenticación: Contraseña incorrecta"}
{"level":"error","message":"Error de autenticación: Contraseña incorrecta"}
{"level":"info","message":"Se inicia página de Inicio de Login"}
{"level":"info","message":"Se cargan productos"}
{"level":"info","message":"Se inicia página de Inicio de Login"}
{"level":"info","message":"Se inicia página de Inicio de Login"}
{"level":"info","message":"Se inicia página de Inicio de Login"}
{"level":"info","message":"Se envia correo para reestablecer contraseña a correoundefined"}
{"level":"info","message":"Se inicia página de Inicio de Login"}
{"level":"info","message":"Se envia correo para reestablecer contraseña a correoundefined"}
{"level":"info","message":"Se inicia página de Inicio de Login"}
{"level":"info","message":"Se inicia página de Inicio de Login"}
{"level":"info","message":"Se inicia página de Inicio de Login"}
{"level":"error","message":"Error de autenticación: Usuario no encontrado"}
{"level":"error","message":"Error de autenticación: Usuario no encontrado"}
{"level":"info","message":"Se inicia página de Inicio de Login"}
{"level":"error","message":"Error de autenticación: Usuario no encontrado"}
{"level":"info","message":"Se inicia página de Inicio de Login"}
{"level":"error","message":"Error de autenticación: Usuario no encontrado"}
{"level":"error","message":"Error de autenticación: Usuario no encontrado"}
{"level":"info","message":"Se inicia página de Inicio de Login"}
{"level":"info","message":"Se inicia página de Inicio de Login"}
{"level":"info","message":"Se inicia página de Inicio de Login"}
{"level":"info","message":"Se inicia página de Usuario"}
{"level":"info","message":"Se inicia página de Inicio de Login"}
{"level":"info","message":"Se inicia página de Administrador"}
{"level":"info","message":"Se inicia página de Inicio de Login"}
{"level":"info","message":"Se inicia página de Inicio de Login"}
{"level":"info","message":"Se inicia página de Usuario"}
{"level":"info","message":"Se inicia página de Inicio de Login"}
{"level":"info","message":"Se inicia página de Inicio de Login"}
{"level":"info","message":"Se inicia página de Usuario"}
{"level":"info","message":"Se inicia página de Inicio de Login"}
{"level":"info","message":"Se inicia página de Inicio de Login"}
{"level":"info","message":"Se inicia página de Inicio de Login"}
{"level":"info","message":"Se inicia página de Inicio de Login"}
{"level":"info","message":"Se inicia página de Usuario"}
{"level":"info","message":"Se inicia página de Inicio de Login"}
{"level":"info","message":"Se inicia página de Inicio de Login"}
{"level":"info","message":"Se inicia página de Registro de Usuarios"}
{"level":"info","message":"Se inicia página de Inicio de Login"}
{"level":"info","message":"Se inicia página de Inicio de Login"}
{"level":"info","message":"Se inicia página de Inicio de Login"}
{"level":"info","message":"Se inicia página de Inicio de Login"}
{"level":"info","message":"Se inicia página de Inicio de Login"}
{"level":"info","message":"Se inicia página de Inicio de Login"}
{"level":"info","message":"Se inicia página de Registro de Usuarios"}
{"level":"info","message":"Se inicia página de Inicio de Login"}
{"level":"error","message":"Error al reestablecer contraseña usuariobast.s.rojassdasdasd@gmail.com no existe"}
{"level":"info","message":"Se inicia página de Inicio de Login"}
{"level":"info","message":"Se inicia página de Inicio de Login"}
{"level":"info","message":"Se inicia página de Inicio de Login"}
{"level":"info","message":"Se inicia página de Inicio de Login"}
{"level":"info","message":"Se inicia página de Inicio de Login"}
{"level":"info","message":"Se inicia página de Inicio de Login"}
{"level":"info","message":"Se inicia página de Inicio de Login"}
{"level":"info","message":"Se inicia página de Inicio de Login"}
{"level":"info","message":"Se inicia página de Administrador"}
{"level":"info","message":"Se inicia página de Administrador"}
{"level":"info","message":"Se inicia página de Administrador"}
{"level":"info","message":"Se inicia página de Administrador"}
{"level":"info","message":"Se inicia página de Inicio de Login"}
{"level":"info","message":"Se inicia página de Registro de Usuarios"}
{"level":"info","message":"Se inicia página de Inicio de Login"}
{"level":"info","message":"Se inicia página de Administrador"}
{"level":"info","message":"Se inicia página de Administrador"}
{"level":"info","message":"Se inicia página de Administrador"}
{"level":"info","message":"Se inicia página de Administrador"}
{"level":"info","message":"Se inicia página de Administrador"}
{"level":"info","message":"Se inicia página de Administrador"}
{"level":"info","message":"Se inicia página de Administrador"}
{"level":"info","message":"Se inicia página de Administrador"}
{"level":"info","message":"Se inicia página de Administrador"}
{"level":"info","message":"Se inicia página de Administrador"}
{"level":"info","message":"Se inicia página de Inicio de Login"}
{"level":"info","message":"Inicio de sesión exitoso para el usuario: premium@premium.cl"}
{"level":"info","message":"Se inicia página de Usuario Plus (Premium)"}
{"level":"info","message":"Se inicia página de Inicio de Login"}
{"level":"error","message":"Error de autenticación: Contraseña incorrecta"}
{"level":"info","message":"Se inicia página de Usuario Plus (Premium)"}
{"level":"info","message":"Se inicia página de Usuario Plus (Premium)"}
{"level":"info","message":"Se inicia página de Usuario Plus (Premium)"}
{"level":"info","message":"Se inicia página de Usuario Plus (Premium)"}
{"level":"error","message":"Error al actualizar el rol"}
{"level":"error","message":"Error al actualizar el rol"}
{"level":"error","message":"Error al actualizar el rol"}
{"level":"error","message":"Error al actualizar el rol"}
{"level":"info","message":"Se actualiza rol correctamente"}
{"level":"error","message":"Error al actualizar el rol"}
{"level":"error","message":"Error al actualizar el rol"}
{"level":"info","message":"Se actualiza rol correctamente"}